<?xml version="1.0" encoding="UTF-8"?>
<testsuite xmlns:xsi="http://www.w3.org/2001/XMLSchema-instance" xsi:noNamespaceSchemaLocation="https://maven.apache.org/surefire/maven-surefire-plugin/xsd/surefire-test-report.xsd" name="TestSuite" time="6.313" tests="3" errors="0" skipped="0" failures="0">
  <properties>
[...]
</properties>
  <testcase name="postTweet" classname="com.testing.statuses.SimpleFramework" time="3.71"/>
  <testcase name="readTweet" classname="com.testing.statuses.SimpleFramework" time="0.427"/>
  <testcase name="deleteTweet" classname="com.testing.statuses.SimpleFramework" time="0.372"/>
</testsuite>