<?xml version="1.0" encoding="UTF-8"?>
<!-- Generated by org.testng.reporters.JUnitXMLReporter -->
<testsuite hostname="EN911056" ignored="0" name="RestAssured Test" tests="3" failures="0" timestamp="12 Aug 2019 21:30:34 GMT" time="5.281" errors="0">
  <testcase name="postTweet" time="3.69" classname="com.testing.statuses.SimpleFramework"/>
  <testcase name="readTweet" time="0.427" classname="com.testing.statuses.SimpleFramework"/>
  <testcase name="deleteTweet" time="0.384" classname="com.testing.statuses.SimpleFramework"/>
</testsuite> <!-- RestAssured Test -->
